<?xml version="1.0" encoding="UTF-8"?>
<!-- Generated by org.testng.reporters.JUnitReportReporter -->
<testsuite hostname="DESKTOP-M8LBSK5" failures="0" tests="1" name="tests.FilloTest1" time="0.509" errors="0" timestamp="2021-09-07T14:45:03 IST" skipped="0">
  <testcase classname="tests.FilloTest1" name="testFillo" time="0.509"/>
  <system-out/>
</testsuite> <!-- tests.FilloTest1 -->
